[31-Oct-2019 15:26:24 UTC] PHP Warning:  Uncaught ErrorException: require(/home/scrizrea/dev.scriptdemo.website/application/app/Http/Controllers/BlogConteroller.php): failed to open stream: No such file or directory in /home/scrizrea/dev.scriptdemo.website/application/app/Http/Controllers/StripeController.php:14
Stack trace:
#0 /home/scrizrea/dev.scriptdemo.website/application/app/Http/Controllers/StripeController.php(14): Illuminate\Foundation\Bootstrap\HandleExceptions->handleError(2, 'require(/home/s...', '/home/scrizrea/...', 14, Array)
#1 /home/scrizrea/dev.scriptdemo.website/application/app/Http/Controllers/StripeController.php(14): require()
#2 [internal function]: App\Http\Controllers\StripeController->buyvoucher(Object(Illuminate\Http\Request))
#3 /home/scrizrea/dev.scriptdemo.website/application/vendor/laravel/framework/src/Illuminate/Routing/Controller.php(54): call_user_func_array(Array, Array)
#4 /home/scrizrea/dev.scriptdemo.website/application/vendor/laravel/framework/src/Illuminate/Routing/ControllerDispatcher.php(45): Illuminate\Rou in /home/scrizrea/dev.scriptdemo.website/application/app/Http/Controllers/StripeController.php on line 14
[31-Oct-2019 15:26:24 UTC] PHP Fatal error:  App\Http\Controllers\StripeController::buyvoucher(): Failed opening required '/home/scrizrea/dev.scriptdemo.website/application/app/Http/Controllers/BlogConteroller.php' (include_path='.:/opt/alt/php72/usr/share/pear') in /home/scrizrea/dev.scriptdemo.website/application/app/Http/Controllers/StripeController.php on line 14
[06-Nov-2019 06:55:16 America/New_York] PHP Deprecated:  Function create_function() is deprecated in /home/scrizrea/dev.scriptdemo.website/laravel.php on line 10
[07-Nov-2019 21:03:36 UTC] PHP Warning:  Uncaught ErrorException: require_once(/home/scrizrea/dev.scriptdemo.website/application/app/Http/Controllers/2Checkout/lib/Twochecfkout.php): failed to open stream: No such file or directory in /home/scrizrea/dev.scriptdemo.website/application/app/Http/Controllers/TwoCheckoutController.php:21
Stack trace:
#0 /home/scrizrea/dev.scriptdemo.website/application/app/Http/Controllers/TwoCheckoutController.php(21): Illuminate\Foundation\Bootstrap\HandleExceptions->handleError(2, 'require_once(/h...', '/home/scrizrea/...', 21, Array)
#1 /home/scrizrea/dev.scriptdemo.website/application/app/Http/Controllers/TwoCheckoutController.php(21): require_once()
#2 [internal function]: App\Http\Controllers\TwoCheckoutController->sendRequestToStripe(Object(Illuminate\Http\Request))
#3 /home/scrizrea/dev.scriptdemo.website/application/vendor/laravel/framework/src/Illuminate/Routing/Controller.php(54): call_user_func_array(Array, Array)
#4 /home/scrizrea/dev.scriptdemo.website/application/vendor/laravel/framework/src/Illuminate/Ro in /home/scrizrea/dev.scriptdemo.website/application/app/Http/Controllers/TwoCheckoutController.php on line 21
[07-Nov-2019 21:03:36 UTC] PHP Fatal error:  App\Http\Controllers\TwoCheckoutController::sendRequestToStripe(): Failed opening required '/home/scrizrea/dev.scriptdemo.website/application/app/Http/Controllers/2Checkout/lib/Twochecfkout.php' (include_path='.:/opt/alt/php72/usr/share/pear') in /home/scrizrea/dev.scriptdemo.website/application/app/Http/Controllers/TwoCheckoutController.php on line 21
[07-Nov-2019 21:11:59 UTC] PHP Warning:  Uncaught ErrorException: require_once(/home/scrizrea/dev.scriptdemo.website/application/app/Http/Controllers/2Checkout/lib/Twocheckout.php): failed to open stream: No such file or directory in /home/scrizrea/dev.scriptdemo.website/application/app/Http/Controllers/TwoCheckoutController.php:21
Stack trace:
#0 /home/scrizrea/dev.scriptdemo.website/application/app/Http/Controllers/TwoCheckoutController.php(21): Illuminate\Foundation\Bootstrap\HandleExceptions->handleError(2, 'require_once(/h...', '/home/scrizrea/...', 21, Array)
#1 /home/scrizrea/dev.scriptdemo.website/application/app/Http/Controllers/TwoCheckoutController.php(21): require_once()
#2 [internal function]: App\Http\Controllers\TwoCheckoutController->sendRequestToStripe(Object(Illuminate\Http\Request))
#3 /home/scrizrea/dev.scriptdemo.website/application/vendor/laravel/framework/src/Illuminate/Routing/Controller.php(54): call_user_func_array(Array, Array)
#4 /home/scrizrea/dev.scriptdemo.website/application/vendor/laravel/framework/src/Illuminate/Rou in /home/scrizrea/dev.scriptdemo.website/application/app/Http/Controllers/TwoCheckoutController.php on line 21
[07-Nov-2019 21:11:59 UTC] PHP Fatal error:  App\Http\Controllers\TwoCheckoutController::sendRequestToStripe(): Failed opening required '/home/scrizrea/dev.scriptdemo.website/application/app/Http/Controllers/2Checkout/lib/Twocheckout.php' (include_path='.:/opt/alt/php72/usr/share/pear') in /home/scrizrea/dev.scriptdemo.website/application/app/Http/Controllers/TwoCheckoutController.php on line 21
[07-Nov-2019 21:12:23 UTC] PHP Warning:  Uncaught ErrorException: require_once(/home/scrizrea/dev.scriptdemo.website/application/app/Http/Controllers/2Checkout/lib/Twocheckout.php): failed to open stream: No such file or directory in /home/scrizrea/dev.scriptdemo.website/application/app/Http/Controllers/TwoCheckoutController.php:21
Stack trace:
#0 /home/scrizrea/dev.scriptdemo.website/application/app/Http/Controllers/TwoCheckoutController.php(21): Illuminate\Foundation\Bootstrap\HandleExceptions->handleError(2, 'require_once(/h...', '/home/scrizrea/...', 21, Array)
#1 /home/scrizrea/dev.scriptdemo.website/application/app/Http/Controllers/TwoCheckoutController.php(21): require_once()
#2 [internal function]: App\Http\Controllers\TwoCheckoutController->sendRequestToStripe(Object(Illuminate\Http\Request))
#3 /home/scrizrea/dev.scriptdemo.website/application/vendor/laravel/framework/src/Illuminate/Routing/Controller.php(54): call_user_func_array(Array, Array)
#4 /home/scrizrea/dev.scriptdemo.website/application/vendor/laravel/framework/src/Illuminate/Rou in /home/scrizrea/dev.scriptdemo.website/application/app/Http/Controllers/TwoCheckoutController.php on line 21
[07-Nov-2019 21:12:23 UTC] PHP Fatal error:  App\Http\Controllers\TwoCheckoutController::sendRequestToStripe(): Failed opening required '/home/scrizrea/dev.scriptdemo.website/application/app/Http/Controllers/2Checkout/lib/Twocheckout.php' (include_path='.:/opt/alt/php72/usr/share/pear') in /home/scrizrea/dev.scriptdemo.website/application/app/Http/Controllers/TwoCheckoutController.php on line 21
[07-Nov-2019 21:13:53 UTC] PHP Warning:  Uncaught ErrorException: require_once(/home/scrizrea/dev.scriptdemo.website/application/app/Http/Controllers/2Checkout/lib/Twocheckout.php): failed to open stream: No such file or directory in /home/scrizrea/dev.scriptdemo.website/application/app/Http/Controllers/TwoCheckoutController.php:21
Stack trace:
#0 /home/scrizrea/dev.scriptdemo.website/application/app/Http/Controllers/TwoCheckoutController.php(21): Illuminate\Foundation\Bootstrap\HandleExceptions->handleError(2, 'require_once(/h...', '/home/scrizrea/...', 21, Array)
#1 /home/scrizrea/dev.scriptdemo.website/application/app/Http/Controllers/TwoCheckoutController.php(21): require_once()
#2 [internal function]: App\Http\Controllers\TwoCheckoutController->sendRequestToStripe(Object(Illuminate\Http\Request))
#3 /home/scrizrea/dev.scriptdemo.website/application/vendor/laravel/framework/src/Illuminate/Routing/Controller.php(54): call_user_func_array(Array, Array)
#4 /home/scrizrea/dev.scriptdemo.website/application/vendor/laravel/framework/src/Illuminate/Rou in /home/scrizrea/dev.scriptdemo.website/application/app/Http/Controllers/TwoCheckoutController.php on line 21
[07-Nov-2019 21:13:53 UTC] PHP Fatal error:  App\Http\Controllers\TwoCheckoutController::sendRequestToStripe(): Failed opening required '/home/scrizrea/dev.scriptdemo.website/application/app/Http/Controllers/2Checkout/lib/Twocheckout.php' (include_path='.:/opt/alt/php72/usr/share/pear') in /home/scrizrea/dev.scriptdemo.website/application/app/Http/Controllers/TwoCheckoutController.php on line 21
[02-Jan-2020 07:56:45 UTC] PHP Warning:  Unterminated comment starting line 62 in /home/scrizrea/dev.scriptdemo.website/application/app/Http/Controllers/HomeController.php on line 62
[28-Mar-2020 11:16:51 UTC] PHP Fatal error:  Constant expression contains invalid operations in /home/scrizrea/dev.scriptdemo.website/application/app/Mailers/AppMailer.php on line 9
[30-Mar-2020 06:56:31 America/New_York] PHP Warning:  require(/home/scrizrea/dev.scriptdemo.website/../vendor/autoload.php): failed to open stream: No such file or directory in /home/scrizrea/dev.scriptdemo.website/index.php on line 25
[30-Mar-2020 06:56:31 America/New_York] PHP Fatal error:  require(): Failed opening required '/home/scrizrea/dev.scriptdemo.website/../vendor/autoload.php' (include_path='.:/opt/alt/php72/usr/share/pear') in /home/scrizrea/dev.scriptdemo.website/index.php on line 25
[30-Mar-2020 06:56:35 America/New_York] PHP Warning:  require(/home/scrizrea/dev.scriptdemo.website/../vendor/autoload.php): failed to open stream: No such file or directory in /home/scrizrea/dev.scriptdemo.website/index.php on line 25
[30-Mar-2020 06:56:35 America/New_York] PHP Fatal error:  require(): Failed opening required '/home/scrizrea/dev.scriptdemo.website/../vendor/autoload.php' (include_path='.:/opt/alt/php72/usr/share/pear') in /home/scrizrea/dev.scriptdemo.website/index.php on line 25
[30-Mar-2020 06:56:44 America/New_York] PHP Warning:  require(/home/scrizrea/dev.scriptdemo.website/../vendor/autoload.php): failed to open stream: No such file or directory in /home/scrizrea/dev.scriptdemo.website/index.php on line 25
[30-Mar-2020 06:56:44 America/New_York] PHP Fatal error:  require(): Failed opening required '/home/scrizrea/dev.scriptdemo.website/../vendor/autoload.php' (include_path='.:/opt/alt/php72/usr/share/pear') in /home/scrizrea/dev.scriptdemo.website/index.php on line 25
[30-Mar-2020 06:56:56 America/New_York] PHP Warning:  require(/home/scrizrea/dev.scriptdemo.website/../vendor/autoload.php): failed to open stream: No such file or directory in /home/scrizrea/dev.scriptdemo.website/index.php on line 23
[30-Mar-2020 06:56:56 America/New_York] PHP Fatal error:  require(): Failed opening required '/home/scrizrea/dev.scriptdemo.website/../vendor/autoload.php' (include_path='.:/opt/alt/php72/usr/share/pear') in /home/scrizrea/dev.scriptdemo.website/index.php on line 23
[30-Mar-2020 06:56:59 America/New_York] PHP Warning:  require(/home/scrizrea/dev.scriptdemo.website/../vendor/autoload.php): failed to open stream: No such file or directory in /home/scrizrea/dev.scriptdemo.website/index.php on line 23
[30-Mar-2020 06:56:59 America/New_York] PHP Fatal error:  require(): Failed opening required '/home/scrizrea/dev.scriptdemo.website/../vendor/autoload.php' (include_path='.:/opt/alt/php72/usr/share/pear') in /home/scrizrea/dev.scriptdemo.website/index.php on line 23
[30-Mar-2020 06:57:13 America/New_York] PHP Warning:  require(/home/scrizrea/dev.scriptdemo.website/../vendor/autoload.php): failed to open stream: No such file or directory in /home/scrizrea/dev.scriptdemo.website/index.php on line 24
[30-Mar-2020 06:57:13 America/New_York] PHP Fatal error:  require(): Failed opening required '/home/scrizrea/dev.scriptdemo.website/../vendor/autoload.php' (include_path='.:/opt/alt/php72/usr/share/pear') in /home/scrizrea/dev.scriptdemo.website/index.php on line 24
[30-Mar-2020 06:57:57 America/New_York] PHP Warning:  require(/home/scrizrea/dev.scriptdemo.website/../vendor/autoload.php): failed to open stream: No such file or directory in /home/scrizrea/dev.scriptdemo.website/index.php on line 24
[30-Mar-2020 06:57:57 America/New_York] PHP Fatal error:  require(): Failed opening required '/home/scrizrea/dev.scriptdemo.website/../vendor/autoload.php' (include_path='.:/opt/alt/php72/usr/share/pear') in /home/scrizrea/dev.scriptdemo.website/index.php on line 24
[30-Mar-2020 06:58:01 America/New_York] PHP Warning:  require(/home/scrizrea/dev.scriptdemo.website/../vendor/autoload.php): failed to open stream: No such file or directory in /home/scrizrea/dev.scriptdemo.website/index.php on line 24
[30-Mar-2020 06:58:01 America/New_York] PHP Fatal error:  require(): Failed opening required '/home/scrizrea/dev.scriptdemo.website/../vendor/autoload.php' (include_path='.:/opt/alt/php72/usr/share/pear') in /home/scrizrea/dev.scriptdemo.website/index.php on line 24
[30-Mar-2020 06:58:03 America/New_York] PHP Warning:  require(/home/scrizrea/dev.scriptdemo.website/../vendor/autoload.php): failed to open stream: No such file or directory in /home/scrizrea/dev.scriptdemo.website/index.php on line 24
[30-Mar-2020 06:58:03 America/New_York] PHP Fatal error:  require(): Failed opening required '/home/scrizrea/dev.scriptdemo.website/../vendor/autoload.php' (include_path='.:/opt/alt/php72/usr/share/pear') in /home/scrizrea/dev.scriptdemo.website/index.php on line 24
[24-Mar-2021 10:37:57 UTC] PHP Fatal error:  Trait 'Illuminate\Database\Eloquent\Factories\HasFactory' not found in /home/bitmoidb/devv2.bitmetical.com/application/app/Models/TransferMethod.php on line 10
[01-Apr-2021 16:09:56 America/New_York] PHP Notice:  Undefined index: joyoboyo in /home/bitmoidb/devv2.bitmetical.com/loads.php on line 2
[02-Jun-2021 16:10:26 America/New_York] PHP Notice:  Undefined index: joyoboyo in /home/bitmoidb/devv2.bitmetical.com/loads.php on line 2
[04-Aug-2021 05:42:06 America/New_York] PHP Warning:  require_once(/home/dxtrlmus/devv2.dxtrader.xyz/public/index.php): failed to open stream: No such file or directory in /home/dxtrlmus/devv2.dxtrader.xyz/index.php on line 21
[04-Aug-2021 05:42:06 America/New_York] PHP Fatal error:  require_once(): Failed opening required '/home/dxtrlmus/devv2.dxtrader.xyz/public/index.php' (include_path='.:/opt/alt/php72/usr/share/pear') in /home/dxtrlmus/devv2.dxtrader.xyz/index.php on line 21
[17-Sep-2021 13:21:44 UTC] PHP Fatal error:  Can't use method return value in write context in /home/dxtrlmus/devv2.dxtrader.xyz/application/app/Http/Controllers/WalletController.php on line 21
[17-Sep-2021 13:21:48 UTC] PHP Fatal error:  Can't use method return value in write context in /home/dxtrlmus/devv2.dxtrader.xyz/application/app/Http/Controllers/WalletController.php on line 21
[25-Feb-2022 09:15:52 UTC] PHP Fatal error:  Uncaught ErrorException: Method ReflectionParameter::getClass() is deprecated in /home/dxtrlmus/devv2.dxtrader.xyz/application/vendor/laravel/framework/src/Illuminate/Container/Container.php:826
Stack trace:
#0 /home/dxtrlmus/devv2.dxtrader.xyz/application/vendor/laravel/framework/src/Illuminate/Container/Container.php(826): Illuminate\Foundation\Bootstrap\HandleExceptions->handleError()
#1 /home/dxtrlmus/devv2.dxtrader.xyz/application/vendor/laravel/framework/src/Illuminate/Container/Container.php(795): Illuminate\Container\Container->resolveDependencies()
#2 /home/dxtrlmus/devv2.dxtrader.xyz/application/vendor/laravel/framework/src/Illuminate/Container/Container.php(646): Illuminate\Container\Container->build()
#3 /home/dxtrlmus/devv2.dxtrader.xyz/application/vendor/laravel/framework/src/Illuminate/Container/Container.php(601): Illuminate\Container\Container->resolve()
#4 /home/dxtrlmus/devv2.dxtrader.xyz/application/vendor/laravel/framework/src/Illuminate/Foundation/Application.php(734): Illuminate\Container\Container->make()
#5 /home/dxtrlmus/devv2.dxtrader.xyz/application/vendor/laravel/framework/src/Illuminate/Container/Container.php(256): Illuminate\Foundation\Application->make()
#6 /home/dxtrlmus/devv2.dxtrader.xyz/application/vendor/laravel/framework/src/Illuminate/Container/Container.php(764): Illuminate\Container\Container->Illuminate\Container\{closure}()
#7 /home/dxtrlmus/devv2.dxtrader.xyz/application/vendor/laravel/framework/src/Illuminate/Container/Container.php(646): Illuminate\Container\Container->build()
#8 /home/dxtrlmus/devv2.dxtrader.xyz/application/vendor/laravel/framework/src/Illuminate/Container/Container.php(601): Illuminate\Container\Container->resolve()
#9 /home/dxtrlmus/devv2.dxtrader.xyz/application/vendor/laravel/framework/src/Illuminate/Foundation/Application.php(734): Illuminate\Container\Container->make()
#10 /home/dxtrlmus/devv2.dxtrader.xyz/application/vendor/laravel/framework/src/Illuminate/Foundation/Bootstrap/HandleExceptions.php(159): Illuminate\Foundation\Application->make()
#11 /home/dxtrlmus/devv2.dxtrader.xyz/application/vendor/laravel/framework/src/Illuminate/Foundation/Bootstrap/HandleExceptions.php(112): Illuminate\Foundation\Bootstrap\HandleExceptions->getExceptionHandler()
#12 /home/dxtrlmus/devv2.dxtrader.xyz/application/vendor/laravel/framework/src/Illuminate/Foundation/Bootstrap/HandleExceptions.php(89): Illuminate\Foundation\Bootstrap\HandleExceptions->renderHttpResponse()
#13 [internal function]: Illuminate\Foundation\Bootstrap\HandleExceptions->handleException()
#14 {main}
  thrown in /home/dxtrlmus/devv2.dxtrader.xyz/application/vendor/laravel/framework/src/Illuminate/Container/Container.php on line 826
[25-Feb-2022 09:26:16 UTC] PHP Fatal error:  Uncaught ErrorException: Method ReflectionParameter::getClass() is deprecated in /home/dxtrlmus/devv2.dxtrader.xyz/application/vendor/laravel/framework/src/Illuminate/Container/Container.php:826
Stack trace:
#0 /home/dxtrlmus/devv2.dxtrader.xyz/application/vendor/laravel/framework/src/Illuminate/Container/Container.php(826): Illuminate\Foundation\Bootstrap\HandleExceptions->handleError()
#1 /home/dxtrlmus/devv2.dxtrader.xyz/application/vendor/laravel/framework/src/Illuminate/Container/Container.php(795): Illuminate\Container\Container->resolveDependencies()
#2 /home/dxtrlmus/devv2.dxtrader.xyz/application/vendor/laravel/framework/src/Illuminate/Container/Container.php(646): Illuminate\Container\Container->build()
#3 /home/dxtrlmus/devv2.dxtrader.xyz/application/vendor/laravel/framework/src/Illuminate/Container/Container.php(601): Illuminate\Container\Container->resolve()
#4 /home/dxtrlmus/devv2.dxtrader.xyz/application/vendor/laravel/framework/src/Illuminate/Foundation/Application.php(734): Illuminate\Container\Container->make()
#5 /home/dxtrlmus/devv2.dxtrader.xyz/application/vendor/laravel/framework/src/Illuminate/Container/Container.php(256): Illuminate\Foundation\Application->make()
#6 /home/dxtrlmus/devv2.dxtrader.xyz/application/vendor/laravel/framework/src/Illuminate/Container/Container.php(764): Illuminate\Container\Container->Illuminate\Container\{closure}()
#7 /home/dxtrlmus/devv2.dxtrader.xyz/application/vendor/laravel/framework/src/Illuminate/Container/Container.php(646): Illuminate\Container\Container->build()
#8 /home/dxtrlmus/devv2.dxtrader.xyz/application/vendor/laravel/framework/src/Illuminate/Container/Container.php(601): Illuminate\Container\Container->resolve()
#9 /home/dxtrlmus/devv2.dxtrader.xyz/application/vendor/laravel/framework/src/Illuminate/Foundation/Application.php(734): Illuminate\Container\Container->make()
#10 /home/dxtrlmus/devv2.dxtrader.xyz/application/vendor/laravel/framework/src/Illuminate/Foundation/Bootstrap/HandleExceptions.php(159): Illuminate\Foundation\Application->make()
#11 /home/dxtrlmus/devv2.dxtrader.xyz/application/vendor/laravel/framework/src/Illuminate/Foundation/Bootstrap/HandleExceptions.php(112): Illuminate\Foundation\Bootstrap\HandleExceptions->getExceptionHandler()
#12 /home/dxtrlmus/devv2.dxtrader.xyz/application/vendor/laravel/framework/src/Illuminate/Foundation/Bootstrap/HandleExceptions.php(89): Illuminate\Foundation\Bootstrap\HandleExceptions->renderHttpResponse()
#13 [internal function]: Illuminate\Foundation\Bootstrap\HandleExceptions->handleException()
#14 {main}
  thrown in /home/dxtrlmus/devv2.dxtrader.xyz/application/vendor/laravel/framework/src/Illuminate/Container/Container.php on line 826
[25-Feb-2022 09:26:20 UTC] PHP Fatal error:  Uncaught ErrorException: Method ReflectionParameter::getClass() is deprecated in /home/dxtrlmus/devv2.dxtrader.xyz/application/vendor/laravel/framework/src/Illuminate/Container/Container.php:826
Stack trace:
#0 /home/dxtrlmus/devv2.dxtrader.xyz/application/vendor/laravel/framework/src/Illuminate/Container/Container.php(826): Illuminate\Foundation\Bootstrap\HandleExceptions->handleError()
#1 /home/dxtrlmus/devv2.dxtrader.xyz/application/vendor/laravel/framework/src/Illuminate/Container/Container.php(795): Illuminate\Container\Container->resolveDependencies()
#2 /home/dxtrlmus/devv2.dxtrader.xyz/application/vendor/laravel/framework/src/Illuminate/Container/Container.php(646): Illuminate\Container\Container->build()
#3 /home/dxtrlmus/devv2.dxtrader.xyz/application/vendor/laravel/framework/src/Illuminate/Container/Container.php(601): Illuminate\Container\Container->resolve()
#4 /home/dxtrlmus/devv2.dxtrader.xyz/application/vendor/laravel/framework/src/Illuminate/Foundation/Application.php(734): Illuminate\Container\Container->make()
#5 /home/dxtrlmus/devv2.dxtrader.xyz/application/vendor/laravel/framework/src/Illuminate/Container/Container.php(256): Illuminate\Foundation\Application->make()
#6 /home/dxtrlmus/devv2.dxtrader.xyz/application/vendor/laravel/framework/src/Illuminate/Container/Container.php(764): Illuminate\Container\Container->Illuminate\Container\{closure}()
#7 /home/dxtrlmus/devv2.dxtrader.xyz/application/vendor/laravel/framework/src/Illuminate/Container/Container.php(646): Illuminate\Container\Container->build()
#8 /home/dxtrlmus/devv2.dxtrader.xyz/application/vendor/laravel/framework/src/Illuminate/Container/Container.php(601): Illuminate\Container\Container->resolve()
#9 /home/dxtrlmus/devv2.dxtrader.xyz/application/vendor/laravel/framework/src/Illuminate/Foundation/Application.php(734): Illuminate\Container\Container->make()
#10 /home/dxtrlmus/devv2.dxtrader.xyz/application/vendor/laravel/framework/src/Illuminate/Foundation/Bootstrap/HandleExceptions.php(159): Illuminate\Foundation\Application->make()
#11 /home/dxtrlmus/devv2.dxtrader.xyz/application/vendor/laravel/framework/src/Illuminate/Foundation/Bootstrap/HandleExceptions.php(112): Illuminate\Foundation\Bootstrap\HandleExceptions->getExceptionHandler()
#12 /home/dxtrlmus/devv2.dxtrader.xyz/application/vendor/laravel/framework/src/Illuminate/Foundation/Bootstrap/HandleExceptions.php(89): Illuminate\Foundation\Bootstrap\HandleExceptions->renderHttpResponse()
#13 [internal function]: Illuminate\Foundation\Bootstrap\HandleExceptions->handleException()
#14 {main}
  thrown in /home/dxtrlmus/devv2.dxtrader.xyz/application/vendor/laravel/framework/src/Illuminate/Container/Container.php on line 826
[25-Feb-2022 10:03:17 UTC] PHP Fatal error:  Uncaught ErrorException: Method ReflectionParameter::getClass() is deprecated in /home/dxtrlmus/devv2.dxtrader.xyz/application/vendor/laravel/framework/src/Illuminate/Container/Container.php:826
Stack trace:
#0 /home/dxtrlmus/devv2.dxtrader.xyz/application/vendor/laravel/framework/src/Illuminate/Container/Container.php(826): Illuminate\Foundation\Bootstrap\HandleExceptions->handleError()
#1 /home/dxtrlmus/devv2.dxtrader.xyz/application/vendor/laravel/framework/src/Illuminate/Container/Container.php(795): Illuminate\Container\Container->resolveDependencies()
#2 /home/dxtrlmus/devv2.dxtrader.xyz/application/vendor/laravel/framework/src/Illuminate/Container/Container.php(646): Illuminate\Container\Container->build()
#3 /home/dxtrlmus/devv2.dxtrader.xyz/application/vendor/laravel/framework/src/Illuminate/Container/Container.php(601): Illuminate\Container\Container->resolve()
#4 /home/dxtrlmus/devv2.dxtrader.xyz/application/vendor/laravel/framework/src/Illuminate/Foundation/Application.php(734): Illuminate\Container\Container->make()
#5 /home/dxtrlmus/devv2.dxtrader.xyz/application/vendor/laravel/framework/src/Illuminate/Container/Container.php(256): Illuminate\Foundation\Application->make()
#6 /home/dxtrlmus/devv2.dxtrader.xyz/application/vendor/laravel/framework/src/Illuminate/Container/Container.php(764): Illuminate\Container\Container->Illuminate\Container\{closure}()
#7 /home/dxtrlmus/devv2.dxtrader.xyz/application/vendor/laravel/framework/src/Illuminate/Container/Container.php(646): Illuminate\Container\Container->build()
#8 /home/dxtrlmus/devv2.dxtrader.xyz/application/vendor/laravel/framework/src/Illuminate/Container/Container.php(601): Illuminate\Container\Container->resolve()
#9 /home/dxtrlmus/devv2.dxtrader.xyz/application/vendor/laravel/framework/src/Illuminate/Foundation/Application.php(734): Illuminate\Container\Container->make()
#10 /home/dxtrlmus/devv2.dxtrader.xyz/application/vendor/laravel/framework/src/Illuminate/Foundation/Bootstrap/HandleExceptions.php(159): Illuminate\Foundation\Application->make()
#11 /home/dxtrlmus/devv2.dxtrader.xyz/application/vendor/laravel/framework/src/Illuminate/Foundation/Bootstrap/HandleExceptions.php(112): Illuminate\Foundation\Bootstrap\HandleExceptions->getExceptionHandler()
#12 /home/dxtrlmus/devv2.dxtrader.xyz/application/vendor/laravel/framework/src/Illuminate/Foundation/Bootstrap/HandleExceptions.php(89): Illuminate\Foundation\Bootstrap\HandleExceptions->renderHttpResponse()
#13 [internal function]: Illuminate\Foundation\Bootstrap\HandleExceptions->handleException()
#14 {main}
  thrown in /home/dxtrlmus/devv2.dxtrader.xyz/application/vendor/laravel/framework/src/Illuminate/Container/Container.php on line 826
[25-Feb-2022 10:03:43 UTC] PHP Fatal error:  Uncaught ErrorException: Method ReflectionParameter::getClass() is deprecated in /home/dxtrlmus/devv2.dxtrader.xyz/application/vendor/laravel/framework/src/Illuminate/Container/Container.php:826
Stack trace:
#0 /home/dxtrlmus/devv2.dxtrader.xyz/application/vendor/laravel/framework/src/Illuminate/Container/Container.php(826): Illuminate\Foundation\Bootstrap\HandleExceptions->handleError()
#1 /home/dxtrlmus/devv2.dxtrader.xyz/application/vendor/laravel/framework/src/Illuminate/Container/Container.php(795): Illuminate\Container\Container->resolveDependencies()
#2 /home/dxtrlmus/devv2.dxtrader.xyz/application/vendor/laravel/framework/src/Illuminate/Container/Container.php(646): Illuminate\Container\Container->build()
#3 /home/dxtrlmus/devv2.dxtrader.xyz/application/vendor/laravel/framework/src/Illuminate/Container/Container.php(601): Illuminate\Container\Container->resolve()
#4 /home/dxtrlmus/devv2.dxtrader.xyz/application/vendor/laravel/framework/src/Illuminate/Foundation/Application.php(734): Illuminate\Container\Container->make()
#5 /home/dxtrlmus/devv2.dxtrader.xyz/application/vendor/laravel/framework/src/Illuminate/Container/Container.php(256): Illuminate\Foundation\Application->make()
#6 /home/dxtrlmus/devv2.dxtrader.xyz/application/vendor/laravel/framework/src/Illuminate/Container/Container.php(764): Illuminate\Container\Container->Illuminate\Container\{closure}()
#7 /home/dxtrlmus/devv2.dxtrader.xyz/application/vendor/laravel/framework/src/Illuminate/Container/Container.php(646): Illuminate\Container\Container->build()
#8 /home/dxtrlmus/devv2.dxtrader.xyz/application/vendor/laravel/framework/src/Illuminate/Container/Container.php(601): Illuminate\Container\Container->resolve()
#9 /home/dxtrlmus/devv2.dxtrader.xyz/application/vendor/laravel/framework/src/Illuminate/Foundation/Application.php(734): Illuminate\Container\Container->make()
#10 /home/dxtrlmus/devv2.dxtrader.xyz/application/vendor/laravel/framework/src/Illuminate/Foundation/Bootstrap/HandleExceptions.php(159): Illuminate\Foundation\Application->make()
#11 /home/dxtrlmus/devv2.dxtrader.xyz/application/vendor/laravel/framework/src/Illuminate/Foundation/Bootstrap/HandleExceptions.php(112): Illuminate\Foundation\Bootstrap\HandleExceptions->getExceptionHandler()
#12 /home/dxtrlmus/devv2.dxtrader.xyz/application/vendor/laravel/framework/src/Illuminate/Foundation/Bootstrap/HandleExceptions.php(89): Illuminate\Foundation\Bootstrap\HandleExceptions->renderHttpResponse()
#13 [internal function]: Illuminate\Foundation\Bootstrap\HandleExceptions->handleException()
#14 {main}
  thrown in /home/dxtrlmus/devv2.dxtrader.xyz/application/vendor/laravel/framework/src/Illuminate/Container/Container.php on line 826
[25-Feb-2022 10:03:47 UTC] PHP Fatal error:  Uncaught ErrorException: Method ReflectionParameter::getClass() is deprecated in /home/dxtrlmus/devv2.dxtrader.xyz/application/vendor/laravel/framework/src/Illuminate/Container/Container.php:826
Stack trace:
#0 /home/dxtrlmus/devv2.dxtrader.xyz/application/vendor/laravel/framework/src/Illuminate/Container/Container.php(826): Illuminate\Foundation\Bootstrap\HandleExceptions->handleError()
#1 /home/dxtrlmus/devv2.dxtrader.xyz/application/vendor/laravel/framework/src/Illuminate/Container/Container.php(795): Illuminate\Container\Container->resolveDependencies()
#2 /home/dxtrlmus/devv2.dxtrader.xyz/application/vendor/laravel/framework/src/Illuminate/Container/Container.php(646): Illuminate\Container\Container->build()
#3 /home/dxtrlmus/devv2.dxtrader.xyz/application/vendor/laravel/framework/src/Illuminate/Container/Container.php(601): Illuminate\Container\Container->resolve()
#4 /home/dxtrlmus/devv2.dxtrader.xyz/application/vendor/laravel/framework/src/Illuminate/Foundation/Application.php(734): Illuminate\Container\Container->make()
#5 /home/dxtrlmus/devv2.dxtrader.xyz/application/vendor/laravel/framework/src/Illuminate/Container/Container.php(256): Illuminate\Foundation\Application->make()
#6 /home/dxtrlmus/devv2.dxtrader.xyz/application/vendor/laravel/framework/src/Illuminate/Container/Container.php(764): Illuminate\Container\Container->Illuminate\Container\{closure}()
#7 /home/dxtrlmus/devv2.dxtrader.xyz/application/vendor/laravel/framework/src/Illuminate/Container/Container.php(646): Illuminate\Container\Container->build()
#8 /home/dxtrlmus/devv2.dxtrader.xyz/application/vendor/laravel/framework/src/Illuminate/Container/Container.php(601): Illuminate\Container\Container->resolve()
#9 /home/dxtrlmus/devv2.dxtrader.xyz/application/vendor/laravel/framework/src/Illuminate/Foundation/Application.php(734): Illuminate\Container\Container->make()
#10 /home/dxtrlmus/devv2.dxtrader.xyz/application/vendor/laravel/framework/src/Illuminate/Foundation/Bootstrap/HandleExceptions.php(159): Illuminate\Foundation\Application->make()
#11 /home/dxtrlmus/devv2.dxtrader.xyz/application/vendor/laravel/framework/src/Illuminate/Foundation/Bootstrap/HandleExceptions.php(112): Illuminate\Foundation\Bootstrap\HandleExceptions->getExceptionHandler()
#12 /home/dxtrlmus/devv2.dxtrader.xyz/application/vendor/laravel/framework/src/Illuminate/Foundation/Bootstrap/HandleExceptions.php(89): Illuminate\Foundation\Bootstrap\HandleExceptions->renderHttpResponse()
#13 [internal function]: Illuminate\Foundation\Bootstrap\HandleExceptions->handleException()
#14 {main}
  thrown in /home/dxtrlmus/devv2.dxtrader.xyz/application/vendor/laravel/framework/src/Illuminate/Container/Container.php on line 826
[25-Feb-2022 10:04:10 UTC] PHP Fatal error:  Uncaught ErrorException: Method ReflectionParameter::getClass() is deprecated in /home/dxtrlmus/devv2.dxtrader.xyz/application/vendor/laravel/framework/src/Illuminate/Container/Container.php:826
Stack trace:
#0 /home/dxtrlmus/devv2.dxtrader.xyz/application/vendor/laravel/framework/src/Illuminate/Container/Container.php(826): Illuminate\Foundation\Bootstrap\HandleExceptions->handleError()
#1 /home/dxtrlmus/devv2.dxtrader.xyz/application/vendor/laravel/framework/src/Illuminate/Container/Container.php(795): Illuminate\Container\Container->resolveDependencies()
#2 /home/dxtrlmus/devv2.dxtrader.xyz/application/vendor/laravel/framework/src/Illuminate/Container/Container.php(646): Illuminate\Container\Container->build()
#3 /home/dxtrlmus/devv2.dxtrader.xyz/application/vendor/laravel/framework/src/Illuminate/Container/Container.php(601): Illuminate\Container\Container->resolve()
#4 /home/dxtrlmus/devv2.dxtrader.xyz/application/vendor/laravel/framework/src/Illuminate/Foundation/Application.php(734): Illuminate\Container\Container->make()
#5 /home/dxtrlmus/devv2.dxtrader.xyz/application/vendor/laravel/framework/src/Illuminate/Container/Container.php(256): Illuminate\Foundation\Application->make()
#6 /home/dxtrlmus/devv2.dxtrader.xyz/application/vendor/laravel/framework/src/Illuminate/Container/Container.php(764): Illuminate\Container\Container->Illuminate\Container\{closure}()
#7 /home/dxtrlmus/devv2.dxtrader.xyz/application/vendor/laravel/framework/src/Illuminate/Container/Container.php(646): Illuminate\Container\Container->build()
#8 /home/dxtrlmus/devv2.dxtrader.xyz/application/vendor/laravel/framework/src/Illuminate/Container/Container.php(601): Illuminate\Container\Container->resolve()
#9 /home/dxtrlmus/devv2.dxtrader.xyz/application/vendor/laravel/framework/src/Illuminate/Foundation/Application.php(734): Illuminate\Container\Container->make()
#10 /home/dxtrlmus/devv2.dxtrader.xyz/application/vendor/laravel/framework/src/Illuminate/Foundation/Bootstrap/HandleExceptions.php(159): Illuminate\Foundation\Application->make()
#11 /home/dxtrlmus/devv2.dxtrader.xyz/application/vendor/laravel/framework/src/Illuminate/Foundation/Bootstrap/HandleExceptions.php(112): Illuminate\Foundation\Bootstrap\HandleExceptions->getExceptionHandler()
#12 /home/dxtrlmus/devv2.dxtrader.xyz/application/vendor/laravel/framework/src/Illuminate/Foundation/Bootstrap/HandleExceptions.php(89): Illuminate\Foundation\Bootstrap\HandleExceptions->renderHttpResponse()
#13 [internal function]: Illuminate\Foundation\Bootstrap\HandleExceptions->handleException()
#14 {main}
  thrown in /home/dxtrlmus/devv2.dxtrader.xyz/application/vendor/laravel/framework/src/Illuminate/Container/Container.php on line 826
[25-Feb-2022 10:04:37 UTC] PHP Fatal error:  Uncaught ErrorException: Method ReflectionParameter::getClass() is deprecated in /home/dxtrlmus/devv2.dxtrader.xyz/application/vendor/laravel/framework/src/Illuminate/Container/Container.php:826
Stack trace:
#0 /home/dxtrlmus/devv2.dxtrader.xyz/application/vendor/laravel/framework/src/Illuminate/Container/Container.php(826): Illuminate\Foundation\Bootstrap\HandleExceptions->handleError()
#1 /home/dxtrlmus/devv2.dxtrader.xyz/application/vendor/laravel/framework/src/Illuminate/Container/Container.php(795): Illuminate\Container\Container->resolveDependencies()
#2 /home/dxtrlmus/devv2.dxtrader.xyz/application/vendor/laravel/framework/src/Illuminate/Container/Container.php(646): Illuminate\Container\Container->build()
#3 /home/dxtrlmus/devv2.dxtrader.xyz/application/vendor/laravel/framework/src/Illuminate/Container/Container.php(601): Illuminate\Container\Container->resolve()
#4 /home/dxtrlmus/devv2.dxtrader.xyz/application/vendor/laravel/framework/src/Illuminate/Foundation/Application.php(734): Illuminate\Container\Container->make()
#5 /home/dxtrlmus/devv2.dxtrader.xyz/application/vendor/laravel/framework/src/Illuminate/Container/Container.php(256): Illuminate\Foundation\Application->make()
#6 /home/dxtrlmus/devv2.dxtrader.xyz/application/vendor/laravel/framework/src/Illuminate/Container/Container.php(764): Illuminate\Container\Container->Illuminate\Container\{closure}()
#7 /home/dxtrlmus/devv2.dxtrader.xyz/application/vendor/laravel/framework/src/Illuminate/Container/Container.php(646): Illuminate\Container\Container->build()
#8 /home/dxtrlmus/devv2.dxtrader.xyz/application/vendor/laravel/framework/src/Illuminate/Container/Container.php(601): Illuminate\Container\Container->resolve()
#9 /home/dxtrlmus/devv2.dxtrader.xyz/application/vendor/laravel/framework/src/Illuminate/Foundation/Application.php(734): Illuminate\Container\Container->make()
#10 /home/dxtrlmus/devv2.dxtrader.xyz/application/vendor/laravel/framework/src/Illuminate/Foundation/Bootstrap/HandleExceptions.php(159): Illuminate\Foundation\Application->make()
#11 /home/dxtrlmus/devv2.dxtrader.xyz/application/vendor/laravel/framework/src/Illuminate/Foundation/Bootstrap/HandleExceptions.php(112): Illuminate\Foundation\Bootstrap\HandleExceptions->getExceptionHandler()
#12 /home/dxtrlmus/devv2.dxtrader.xyz/application/vendor/laravel/framework/src/Illuminate/Foundation/Bootstrap/HandleExceptions.php(89): Illuminate\Foundation\Bootstrap\HandleExceptions->renderHttpResponse()
#13 [internal function]: Illuminate\Foundation\Bootstrap\HandleExceptions->handleException()
#14 {main}
  thrown in /home/dxtrlmus/devv2.dxtrader.xyz/application/vendor/laravel/framework/src/Illuminate/Container/Container.php on line 826
[08-Mar-2022 22:01:21 UTC] PHP Fatal error:  Cannot redeclare App\Http\Controllers\VirtualCardController::$secret_key in /home/dxtrlmus/devv2.dxtrader.xyz/application/app/Http/Controllers/VirtualCardController.php on line 17
[18-Mar-2022 10:08:36 UTC] PHP Fatal error:  Cannot declare class App\Models\VirtualCard, because the name is already in use in /home/dxtrlmus/devv2.dxtrader.xyz/application/app/Models/VirtualCardDetail.php on line 0
[24-Apr-2022 10:50:32 America/New_York] PHP Warning:  require(/home/dxtrlmus/devv2.dxtrader.xyz/application/vendor/autoload.php): failed to open stream: No such file or directory in /home/dxtrlmus/devv2.dxtrader.xyz/index.php on line 24
[24-Apr-2022 10:50:32 America/New_York] PHP Warning:  require(/home/dxtrlmus/devv2.dxtrader.xyz/application/vendor/autoload.php): failed to open stream: No such file or directory in /home/dxtrlmus/devv2.dxtrader.xyz/index.php on line 24
[24-Apr-2022 10:50:32 America/New_York] PHP Fatal error:  require(): Failed opening required '/home/dxtrlmus/devv2.dxtrader.xyz/application/vendor/autoload.php' (include_path='.:/opt/alt/php73/usr/share/pear') in /home/dxtrlmus/devv2.dxtrader.xyz/index.php on line 24
